2021-10-31 19:03:56,587 [      0]   INFO -        #com.intellij.idea.Main - ------------------------------------------------------ IDE STARTED ------------------------------------------------------ 
2021-10-31 19:03:56,725 [    138]   INFO -        #com.intellij.idea.Main - IDE: IntelliJ IDEA (build #IC-212.5457.46, 12 Oct 2021 07:22) 
2021-10-31 19:03:56,728 [    141]   INFO -        #com.intellij.idea.Main - OS: Linux (5.11.0-38-generic, amd64) 
2021-10-31 19:03:56,740 [    153]   INFO -        #com.intellij.idea.Main - JRE: 11.0.12+7-b1504.40 (JetBrains s.r.o.) 
2021-10-31 19:03:56,741 [    154]   INFO -        #com.intellij.idea.Main - JVM: 11.0.12+7-b1504.40 (OpenJDK 64-Bit Server VM) 
2021-10-31 19:03:56,754 [    167]   INFO -        #com.intellij.idea.Main - JVM Args: -Didea.auto.reload.plugins=true -Didea.classpath.index.enabled=false -Didea.config.path=/home/madz/3311CourseProject/monopoly/library/build/idea-sandbox/config -Didea.is.internal=true -Didea.platform.prefix=Idea -Didea.plugins.path=/home/madz/3311CourseProject/monopoly/library/build/idea-sandbox/plugins -Didea.system.path=/home/madz/3311CourseProject/monopoly/library/build/idea-sandbox/system -Dsun.awt.disablegrab=true -Xms256m -Xmx512m -Dfile.encoding=UTF-8 -Duser.country=US -Duser.language=en -Duser.variant -ea 
2021-10-31 19:03:56,754 [    167]   INFO -        #com.intellij.idea.Main - library path: /usr/java/packages/lib:/usr/lib64:/lib64:/lib:/usr/lib 
2021-10-31 19:03:56,755 [    168]   INFO -        #com.intellij.idea.Main - boot library path: /home/madz/.gradle/caches/modules-2/files-2.1/com.jetbrains/jbre/jbr_jcef-11_0_12-linux-x64-b1504.40/extracted/jbr/lib 
2021-10-31 19:03:56,840 [    253]   INFO -        #com.intellij.idea.Main - locale=en_US JNU=UTF-8 file.encoding=UTF-8
  idea.config.path=/home/madz/3311CourseProject/monopoly/library/build/idea-sandbox/config
  idea.system.path=/home/madz/3311CourseProject/monopoly/library/build/idea-sandbox/system
  idea.plugins.path=/home/madz/3311CourseProject/monopoly/library/build/idea-sandbox/plugins
  idea.log.path=/home/madz/3311CourseProject/monopoly/library/build/idea-sandbox/system/log 
2021-10-31 19:03:56,855 [    268]   INFO -        #com.intellij.idea.Main - CPU cores: 8; ForkJoinPool.commonPool: java.util.concurrent.ForkJoinPool@4850b1c8[Running, parallelism = 8, size = 7, active = 4, running = 4, steals = 2, tasks = 0, submissions = 0]; factory: com.intellij.concurrency.IdeaForkJoinWorkerThreadFactory@4a261b2 
2021-10-31 19:03:56,938 [    351]   INFO -        #com.intellij.idea.Main - JNA library (64-bit) loaded in 82 ms 
2021-10-31 19:03:57,019 [    432]   INFO - om.intellij.ui.scale.JBUIScale - System scale factor: 1.0 (IDE-managed HiDPI) 
2021-10-31 19:03:57,157 [    570]   INFO - llij.ide.plugins.PluginManager - Plugin PluginDescriptor(name=Groovy, id=org.intellij.groovy, descriptorPath=plugin.xml, path=~/.gradle/caches/modules-2/files-2.1/com.jetbrains.intellij.idea/ideaIC/2021.2.3/baee9296b4b83198b699c8888c3e9f88457089f7/ideaIC-2021.2.3/plugins/Groovy, version=212.5457.46, package=org.jetbrains.plugins.groovy) misses optional descriptor duplicates-groovy.xml 
2021-10-31 19:03:57,158 [    571]   INFO - llij.ide.plugins.PluginManager - Plugin PluginDescriptor(name=Groovy, id=org.intellij.groovy, descriptorPath=plugin.xml, path=~/.gradle/caches/modules-2/files-2.1/com.jetbrains.intellij.idea/ideaIC/2021.2.3/baee9296b4b83198b699c8888c3e9f88457089f7/ideaIC-2021.2.3/plugins/Groovy, version=212.5457.46, package=org.jetbrains.plugins.groovy) misses optional descriptor duplicates-detection-groovy.xml 
2021-10-31 19:03:57,579 [    992]   INFO - llij.ide.plugins.PluginManager - Loaded bundled plugins: IDEA CORE (212.5457.46), WSL File System Support (212.5457.46), JetBrains maven model api classes (212.5457.46), JetBrains Repository Search (212.5457.46), Configuration Script (212.5457.46), Machine Learning Code Completion (212.5457.46), Mercurial (212.5457.46), EditorConfig (212.5457.46), Copyright (212.5457.46), Properties (212.5457.46), JetBrains Marketplace Licensing Support (212.5457.46), Emoji Picker (212.5457.46), Images (212.5457.46), Perforce Helix Core (212.5457.46), macOS Light Theme (212.5457.46), Smali Support (212.5457.46), Terminal (212.5457.46), Shell Script (212.5457.46), Gradle (212.5457.46), WebP Support (212.5457.46), Windows 10 Light Theme (212.5457.46), Subversion (212.5457.46), Dependency Management Api for External Build Tools (212.5457.46), YAML (212.5457.46), Git (212.5457.46), IDE Features Trainer (212.5457.46), Java (212.5457.46), Lombok (212.5457.46), Shared Indexes (212.5457.46), Ant (212.5457.46), Java Bytecode Decompiler (212.5457.46), JavaFX (212.5457.46), Bytecode Viewer (212.5457.46), Java Internationalization (212.5457.46), UI Designer (212.5457.46), Java IDE Customization (212.5457.46), Java Stream Debugger (212.5457.46), IDE Features Trainer: Git Lessons (212.5457.46), XPathView + XSLT (212.5457.46), XSLT Debugger (212.5457.46), IntelliLang (212.5457.46), Markdown (212.5457.46), Groovy (212.5457.46), Maven (212.5457.46), TextMate Bundles (212.5457.46), Task Management (212.5457.46), GitHub (212.5457.46), Grazie (212.5457.46), ChangeReminder (212.5457.46), TestNG (212.5457.46), JUnit (212.5457.46), Code Coverage for Java (212.5457.46), Gradle-Java (212.5457.46), Plugin DevKit (212.5457.46), Gradle-Maven (212.5457.46), Kotlin (212-1.5.10-release-IJ5457.46), Package Search (212.5457.46), Gradle DSL API (212.5457.46), Gradle Dependency Updater Implementation (212.5457.46), Android (10.4.2.212.5457.46), Space (212.5457.46), Settings Repository (212.5457.46), Code With Me (212.5457.46), Eclipse Interoperability (212.5457.46) 
2021-10-31 19:03:58,665 [   2078]   INFO - intellij.util.io.FilePageCache - lower=100; upper=492; buffer=10; max=492 
2021-10-31 19:03:58,689 [   2102]   WARN - j.internal.DebugAttachDetector - Unable to start DebugAttachDetector, please add `--add-exports java.base/jdk.internal.vm=ALL-UNNAMED` to VM options 
2021-10-31 19:03:58,702 [   2115]   INFO - rains.ide.BuiltInServerManager - built-in server started, port 63343 
2021-10-31 19:03:58,848 [   2261]   INFO - ication.options.PathMacrosImpl - Loaded path macros: {MAVEN_REPOSITORY=/home/madz/.m2/repository, KOTLIN_BUNDLED=/home/madz/.gradle/caches/modules-2/files-2.1/com.jetbrains.intellij.idea/ideaIC/2021.2.3/baee9296b4b83198b699c8888c3e9f88457089f7/ideaIC-2021.2.3/plugins/Kotlin/kotlinc} 
2021-10-31 19:03:58,918 [   2331]   INFO - rsistent.PersistentFSConnector - Marking VFS as corrupted: '/home/madz/3311CourseProject/monopoly/library/build/idea-sandbox/system/caches/names.dat' does not exist 
2021-10-31 19:03:58,975 [   2388]   INFO - til.net.ssl.CertificateManager - Default SSL context initialized 
2021-10-31 19:03:59,091 [   2504]   INFO -                         STDOUT - Starting searchable options index builder 
2021-10-31 19:03:59,306 [   2719]   WARN - l.NotificationGroupManagerImpl - Notification group CodeWithMe is already registered (group=com.intellij.notification.NotificationGroup@3db2b4af). Plugin descriptor: PluginDescriptor(name=Code With Me, id=com.jetbrains.codeWithMe, descriptorPath=plugin.xml, path=~/.gradle/caches/modules-2/files-2.1/com.jetbrains.intellij.idea/ideaIC/2021.2.3/baee9296b4b83198b699c8888c3e9f88457089f7/ideaIC-2021.2.3/plugins/cwm-plugin, version=212.5457.46, package=null) 
2021-10-31 19:03:59,336 [   2749]   INFO - penapi.application.Experiments - Experimental features enabled for user: wsl.p9.support, wsl.prefer.p9.support, wsl.p9.show.roots.in.file.chooser, wsl.execute.with.wsl.exe, linux.native.menu, recent.and.edited.files.together, show.create.new.element.in.popup, search.everywhere.mixed.results, editor.reader.mode, new.large.text.file.viewer, wsl.fsd.content.loader, terminal.shell.command.handling 
2021-10-31 19:03:59,363 [   2776]   INFO - il.indexing.FileBasedIndexImpl - Indexes are corrupted and will be rebuilt (reason = ) 
2021-10-31 19:03:59,370 [   2783]   INFO - impl.SharedIndexInfrastructure - Shared index version updated from -1 to 7 
2021-10-31 19:03:59,377 [   2790]   INFO - impl.SharedIndexInfrastructure - Shared index persistent data has been cleared 
2021-10-31 19:03:59,394 [   2807]   INFO - impl.SharedIndexMainZipStorage - Shared Indexes Storage is opened and empty 
2021-10-31 19:03:59,399 [   2812]   INFO - stubs.SerializationManagerImpl - Name storage is repaired 
2021-10-31 19:03:59,408 [   2821]   INFO - impl.SharedIndexMainZipStorage - Shared Indexes Storage is opened and empty 
2021-10-31 19:03:59,409 [   2822]   INFO - impl.SharedIndexInfrastructure - Shared index persistent data has been cleared 
2021-10-31 19:04:00,620 [   4033]   INFO - il.indexing.FileBasedIndexImpl - Indexes to be rebuilt after corruption:FilenameIndex(v = 3),FrameworkDetectionIndex(v = 65536),TodoIndex(v = 4107),IdIndex(v = 4113),filetypes(v = 258),Stubs(v = 46),Trigram.Index(v = 4099),fileIncludes(v = 6),DomFileIndex(v = 0),RelaxSymbolIndex(v = 0),XmlTagNames(v = 1),XmlNamespaces(v = 8),html5.custom.attributes.index(v = 1),SchemaTypeInheritance(v = 2),json.file.root.values(v = 5),editorconfig.index.name(v = 5),xmlProperties(v = 2),yaml.keys.name(v = 1),bytecodeAnalysis(v = 4107),java.auto.module.name(v = 5),java.source.module.name(v = 3),java.null.method.argument(v = 4097),java.fun.expression(v = 4102),java.binary.plus.expression(v = 4100),LombokConfigIndex(v = 11),ant-imports(v = 5),JavaFxControllerClassIndex(v = 1),javafx.id.name(v = 3),javafx.custom.component(v = 2),com.intellij.uiDesigner.FormClassIndex(v = 0),XsltSymbolIndex(v = 0),groovy.trait.fields(v = 5),groovy.trait.methods(v = 32),IdeaPluginRegistrationIndex(v = 3),PluginIdModuleIndex(v = 2),PluginIdDependenciesIndex(v = 5),devkit.ExtensionPointIndex(v = 0),devkit.ExtensionPointClassIndex(v = 1),org.jetbrains.kotlin.idea.versions.KotlinJvmMetadataVersionIndex(v = 5),org.jetbrains.kotlin.idea.versions.KotlinJsMetadataVersionIndex(v = 3),org.jetbrains.kotlin.idea.vfilefinder.KotlinClassFileIndex(v = 3),org.jetbrains.kotlin.idea.vfilefinder.KotlinJavaScriptMetaFileIndex(v = 4),org.jetbrains.kotlin.idea.vfilefinder.KotlinMetadataFileIndex(v = 1),org.jetbrains.kotlin.idea.vfilefinder.KotlinMetadataFilePackageIndex(v = 1),org.jetbrains.kotlin.idea.vfilefinder.KotlinModuleMappingIndex(v = 5),org.jetbrains.kotlin.idea.vfilefinder.KotlinPackageSourcesMemberNamesIndex(v = 2),org.jetbrains.kotlin.idea.vfilefinder.KotlinJvmModuleAnnotationsIndex(v = 1),org.jetbrains.kotlin.idea.vfilefinder.KotlinBuiltInsMetadataIndex(v = 1),org.jetbrains.kotlin.idea.vfilefinder.KotlinStdlibIndex(v = 1),org.jetbrains.kotlin.idea.vfilefinder.KlibMetaFileIndex(v = 4),com.android.tools.idea.model.AndroidManifestIndex$Companion$NAME$1.NAME(v = 10),BindingXmlIndex(v = 8),MlModelFileIndex(v = 6),NavXmlIndex(v = 8) 
2021-10-31 19:04:00,623 [   4036]   INFO - leBasedIndexDataInitialization - Index data initialization done: 1531 ms. Initialized indexes: [FilenameIndex, FrameworkDetectionIndex, TodoIndex, IdIndex, filetypes, Stubs, Trigram.Index, fileIncludes, DomFileIndex, RelaxSymbolIndex, XmlTagNames, XmlNamespaces, html5.custom.attributes.index, SchemaTypeInheritance, json.file.root.values, editorconfig.index.name, xmlProperties, yaml.keys.name, bytecodeAnalysis, java.auto.module.name, java.source.module.name, java.null.method.argument, java.fun.expression, java.binary.plus.expression, LombokConfigIndex, ant-imports, JavaFxControllerClassIndex, javafx.id.name, javafx.custom.component, com.intellij.uiDesigner.FormClassIndex, XsltSymbolIndex, groovy.trait.fields, groovy.trait.methods, IdeaPluginRegistrationIndex, PluginIdModuleIndex, PluginIdDependenciesIndex, devkit.ExtensionPointIndex, devkit.ExtensionPointClassIndex, org.jetbrains.kotlin.idea.versions.KotlinJvmMetadataVersionIndex, org.jetbrains.kotlin.idea.versions.KotlinJsMetadataVersionIndex, org.jetbrains.kotlin.idea.vfilefinder.KotlinClassFileIndex, org.jetbrains.kotlin.idea.vfilefinder.KotlinJavaScriptMetaFileIndex, org.jetbrains.kotlin.idea.vfilefinder.KotlinMetadataFileIndex, org.jetbrains.kotlin.idea.vfilefinder.KotlinMetadataFilePackageIndex, org.jetbrains.kotlin.idea.vfilefinder.KotlinModuleMappingIndex, org.jetbrains.kotlin.idea.vfilefinder.KotlinPackageSourcesMemberNamesIndex, org.jetbrains.kotlin.idea.vfilefinder.KotlinJvmModuleAnnotationsIndex, org.jetbrains.kotlin.idea.vfilefinder.KotlinBuiltInsMetadataIndex, org.jetbrains.kotlin.idea.vfilefinder.KotlinStdlibIndex, org.jetbrains.kotlin.idea.vfilefinder.KlibMetaFileIndex, com.android.tools.idea.model.AndroidManifestIndex$Companion$NAME$1.NAME, BindingXmlIndex, MlModelFileIndex, NavXmlIndex]. 
2021-10-31 19:04:00,707 [   4120]   INFO - tellij.psi.stubs.StubIndexImpl - Following stub indices will be built:dom.namespaceKey(v = 1),dom.elementClass(v = 0),properties.index(v = 2),markdown.header(v = 2),gr.class.fqn(v = 1),gr.script.fqn(v = 2),gr.field.name(v = 2),gr.method.name(v = 2),gr.annot.method.name(v = 2),gr.annot.members(v = 2),gr.script.class(v = 2),gr.class.super(v = 2),gr.anonymous.class(v = 3),org.jetbrains.kotlin.idea.stubindex.KotlinExactPackagesIndex(v = 2),org.jetbrains.kotlin.idea.stubindex.KotlinTopLevelClassByPackageIndex(v = 2),org.jetbrains.kotlin.idea.stubindex.KotlinTopLevelFunctionByPackageIndex(v = 2),org.jetbrains.kotlin.idea.stubindex.KotlinTopLevelPropertyByPackageIndex(v = 2),org.jetbrains.kotlin.idea.stubindex.KotlinTopLevelTypeAliasByPackageIndex(v = 2),org.jetbrains.kotlin.idea.stubindex.KotlinClassShortNameIndex(v = 2),org.jetbrains.kotlin.idea.stubindex.KotlinFullClassNameIndex(v = 2),org.jetbrains.kotlin.idea.stubindex.KotlinPropertyShortNameIndex(v = 2),org.jetbrains.kotlin.idea.stubindex.KotlinFunctionShortNameIndex(v = 2),org.jetbrains.kotlin.idea.stubindex.KotlinTypeAliasShortNameIndex(v = 2),org.jetbrains.kotlin.idea.stubindex.KotlinSuperClassIndex(v = 2),org.jetbrains.kotlin.idea.stubindex.KotlinTopLevelFunctionFqnNameIndex(v = 2),org.jetbrains.kotlin.idea.stubindex.KotlinTopLevelPropertyFqnNameIndex(v = 2),org.jetbrains.kotlin.idea.stubindex.KotlinTopLevelTypeAliasFqNameIndex(v = 2),org.jetbrains.kotlin.idea.stubindex.KotlinTopLevelExtensionsByReceiverTypeIndex(v = 3),org.jetbrains.kotlin.idea.stubindex.KotlinExtensionsInObjectsByReceiverTypeIndex(v = 2),org.jetbrains.kotlin.idea.stubindex.KotlinAnnotationsIndex(v = 3),org.jetbrains.kotlin.idea.stubindex.KotlinJvmNameAnnotationIndex(v = 2),org.jetbrains.kotlin.idea.stubindex.KotlinProbablyNothingFunctionShortNameIndex(v = 2),org.jetbrains.kotlin.idea.stubindex.KotlinProbablyNothingPropertyShortNameIndex(v = 2),org.jetbrains.kotlin.idea.stubindex.KotlinProbablyContractedFunctionShortNameIndex(v = 2),org.jetbrains.kotlin.idea.stubindex.KotlinFileFacadeFqNameIndex(v = 2),org.jetbrains.kotlin.idea.stubindex.KotlinFilePartClassIndex(v = 2),org.jetbrains.kotlin.idea.stubindex.KotlinFileFacadeClassByPackageIndex(v = 2),org.jetbrains.kotlin.idea.stubindex.KotlinFileFacadeShortNameIndex(v = 2),org.jetbrains.kotlin.idea.stubindex.KotlinMultifileClassPartIndex(v = 2),org.jetbrains.kotlin.idea.stubindex.KotlinScriptFqnIndex(v = 2),org.jetbrains.kotlin.idea.stubindex.KotlinTypeAliasByExpansionShortNameIndex(v = 2),org.jetbrains.kotlin.idea.stubindex.KotlinOverridableInternalMembersShortNameIndex(v = 2),java.annotations(v = 2),java.class.extlist(v = 3),java.field.name(v = 2),java.method.name(v = 2),jvm.static.member.name(v = 2),jvm.static.member.type(v = 2),java.anonymous.baseref(v = 2),java.method.parameter.types(v = 3),java.class.shortname(v = 4),java.class.fqn(v = 1),java.module.name(v = 4) 
2021-10-31 19:04:00,708 [   4121]   INFO - exImpl$StubIndexInitialization - Index data initialization done: 84 ms. Initialized stub indexes: {gr.method.name, java.anonymous.baseref, org.jetbrains.kotlin.idea.stubindex.KotlinProbablyNothingPropertyShortNameIndex, org.jetbrains.kotlin.idea.stubindex.KotlinTopLevelFunctionByPackageIndex, org.jetbrains.kotlin.idea.stubindex.KotlinTopLevelPropertyByPackageIndex, org.jetbrains.kotlin.idea.stubindex.KotlinOverridableInternalMembersShortNameIndex, gr.annot.method.name, org.jetbrains.kotlin.idea.stubindex.KotlinScriptFqnIndex, gr.field.name, java.method.parameter.types, dom.namespaceKey, jvm.static.member.type, dom.elementClass, java.class.shortname, java.field.name, gr.class.super, java.module.name, org.jetbrains.kotlin.idea.stubindex.KotlinFullClassNameIndex, gr.anonymous.class, org.jetbrains.kotlin.idea.stubindex.KotlinFileFacadeClassByPackageIndex, org.jetbrains.kotlin.idea.stubindex.KotlinFilePartClassIndex, gr.script.class, properties.index, org.jetbrains.kotlin.idea.stubindex.KotlinFileFacadeShortNameIndex, java.class.extlist, java.class.fqn, gr.class.fqn, markdown.header, java.method.name, jvm.static.member.name, java.annotations, gr.script.fqn, org.jetbrains.kotlin.idea.stubindex.KotlinMultifileClassPartIndex, gr.annot.members, org.jetbrains.kotlin.idea.stubindex.KotlinJvmNameAnnotationIndex, org.jetbrains.kotlin.idea.stubindex.KotlinExactPackagesIndex, org.jetbrains.kotlin.idea.stubindex.KotlinTopLevelTypeAliasByPackageIndex, org.jetbrains.kotlin.idea.stubindex.KotlinProbablyContractedFunctionShortNameIndex, org.jetbrains.kotlin.idea.stubindex.KotlinFileFacadeFqNameIndex, org.jetbrains.kotlin.idea.stubindex.KotlinTopLevelClassByPackageIndex, org.jetbrains.kotlin.idea.stubindex.KotlinTypeAliasShortNameIndex, org.jetbrains.kotlin.idea.stubindex.KotlinFunctionShortNameIndex, org.jetbrains.kotlin.idea.stubindex.KotlinSuperClassIndex, org.jetbrains.kotlin.idea.stubindex.KotlinPropertyShortNameIndex, org.jetbrains.kotlin.idea.stubindex.KotlinClassShortNameIndex, org.jetbrains.kotlin.idea.stubindex.KotlinProbablyNothingFunctionShortNameIndex, org.jetbrains.kotlin.idea.stubindex.KotlinAnnotationsIndex, org.jetbrains.kotlin.idea.stubindex.KotlinTopLevelFunctionFqnNameIndex, org.jetbrains.kotlin.idea.stubindex.KotlinTopLevelPropertyFqnNameIndex, org.jetbrains.kotlin.idea.stubindex.KotlinTopLevelTypeAliasFqNameIndex, org.jetbrains.kotlin.idea.stubindex.KotlinExtensionsInObjectsByReceiverTypeIndex, org.jetbrains.kotlin.idea.stubindex.KotlinTopLevelExtensionsByReceiverTypeIndex, org.jetbrains.kotlin.idea.stubindex.KotlinTypeAliasByExpansionShortNameIndex}. 
2021-10-31 19:04:00,818 [   4231]   INFO - pl.local.NativeFileWatcherImpl - Native file watcher is disabled 
2021-10-31 19:04:02,104 [   5517]   INFO - lors.impl.AppEditorFontOptions - Font setting migration: JetBrains Mono -> [JetBrains Mono, Regular, Bold] 
2021-10-31 19:04:05,781 [   9194]   WARN - #com.intellij.ui.jcef.JBCefApp - JCEF is manually disabled in headless env via 'ide.browser.jcef.headless.enabled=false' 
2021-10-31 19:04:09,064 [  12477]   INFO - users.CodeWithMeSystemSettings - Trying to get lobbyServerUrl from file=/etc/xdg/JetBrains/CodeWithMe/config.json 
2021-10-31 19:04:09,065 [  12478]   INFO - users.CodeWithMeSystemSettings - File=/etc/xdg/JetBrains/CodeWithMe/config.json does not exist. 
2021-10-31 19:04:09,065 [  12478]   INFO - users.CodeWithMeSystemSettings - Trying to get lobbyServerUrl from file=/home/madz/.config/JetBrains/CodeWithMe/config.json 
2021-10-31 19:04:09,065 [  12478]   INFO - users.CodeWithMeSystemSettings - File=/home/madz/.config/JetBrains/CodeWithMe/config.json does not exist. 
2021-10-31 19:04:09,065 [  12478]   INFO - users.CodeWithMeSystemSettings - Trying to get lobbyServerUrl from file=/etc/xdg/xdg-ubuntu/JetBrains/CodeWithMe/config.json 
2021-10-31 19:04:09,065 [  12478]   INFO - users.CodeWithMeSystemSettings - File=/etc/xdg/xdg-ubuntu/JetBrains/CodeWithMe/config.json does not exist. 
2021-10-31 19:04:09,065 [  12478]   INFO - users.CodeWithMeSystemSettings - Trying to get lobbyServerUrl from file=/etc/xdg/JetBrains/CodeWithMe/config.json 
2021-10-31 19:04:09,065 [  12478]   INFO - users.CodeWithMeSystemSettings - File=/etc/xdg/JetBrains/CodeWithMe/config.json does not exist. 
2021-10-31 19:04:09,070 [  12483]   INFO - users.CodeWithMeSystemSettings - Trying to get lobbyServerUrl from file=/etc/xdg/JetBrains/CodeWithMe/config.json 
2021-10-31 19:04:09,070 [  12483]   INFO - users.CodeWithMeSystemSettings - File=/etc/xdg/JetBrains/CodeWithMe/config.json does not exist. 
2021-10-31 19:04:09,070 [  12483]   INFO - users.CodeWithMeSystemSettings - Trying to get lobbyServerUrl from file=/home/madz/.config/JetBrains/CodeWithMe/config.json 
2021-10-31 19:04:09,070 [  12483]   INFO - users.CodeWithMeSystemSettings - File=/home/madz/.config/JetBrains/CodeWithMe/config.json does not exist. 
2021-10-31 19:04:09,070 [  12483]   INFO - users.CodeWithMeSystemSettings - Trying to get lobbyServerUrl from file=/etc/xdg/xdg-ubuntu/JetBrains/CodeWithMe/config.json 
2021-10-31 19:04:09,070 [  12483]   INFO - users.CodeWithMeSystemSettings - File=/etc/xdg/xdg-ubuntu/JetBrains/CodeWithMe/config.json does not exist. 
2021-10-31 19:04:09,070 [  12483]   INFO - users.CodeWithMeSystemSettings - Trying to get lobbyServerUrl from file=/etc/xdg/JetBrains/CodeWithMe/config.json 
2021-10-31 19:04:09,070 [  12483]   INFO - users.CodeWithMeSystemSettings - File=/etc/xdg/JetBrains/CodeWithMe/config.json does not exist. 
2021-10-31 19:04:20,041 [  23454]   WARN - g.jetbrains.kotlin.idea.script - [KOTLIN_SCRIPTING] extension gradle.kts file type [UNKNOWN] is not registered as Kotlin 
2021-10-31 19:04:20,042 [  23455]   WARN - g.jetbrains.kotlin.idea.script - [KOTLIN_SCRIPTING] extension space.kts file type [UNKNOWN] is not registered as Kotlin 
2021-10-31 19:04:20,042 [  23455]   WARN - g.jetbrains.kotlin.idea.script - [KOTLIN_SCRIPTING] extension main.kts file type [UNKNOWN] is not registered as Kotlin 
2021-10-31 19:04:20,043 [  23456]   WARN - g.jetbrains.kotlin.idea.script - [KOTLIN_SCRIPTING] extensions [gradle.kts, space.kts, main.kts] is about to be registered as Kotlin 
2021-10-31 19:04:20,101 [  23514]   INFO - CompilerWorkspaceConfiguration - Available processors: 8 
2021-10-31 19:04:20,458 [  23871]   INFO -                         STDOUT - Found 215 configurables 
2021-10-31 19:04:20,942 [  24355]   INFO - il.indexing.FileBasedIndexImpl - indexes cleared: 
survived indexes: FilenameIndex, FrameworkDetectionIndex, TodoIndex, IdIndex, filetypes, Stubs, Trigram.Index, fileIncludes, DomFileIndex, RelaxSymbolIndex, XmlTagNames, XmlNamespaces, html5.custom.attributes.index, SchemaTypeInheritance, json.file.root.values, editorconfig.index.name, xmlProperties, yaml.keys.name, bytecodeAnalysis, java.auto.module.name, java.source.module.name, java.null.method.argument, java.fun.expression, java.binary.plus.expression, LombokConfigIndex, ant-imports, JavaFxControllerClassIndex, javafx.id.name, javafx.custom.component, com.intellij.uiDesigner.FormClassIndex, XsltSymbolIndex, groovy.trait.fields, groovy.trait.methods, IdeaPluginRegistrationIndex, PluginIdModuleIndex, PluginIdDependenciesIndex, devkit.ExtensionPointIndex, devkit.ExtensionPointClassIndex, org.jetbrains.kotlin.idea.versions.KotlinJvmMetadataVersionIndex, org.jetbrains.kotlin.idea.versions.KotlinJsMetadataVersionIndex, org.jetbrains.kotlin.idea.vfilefinder.KotlinClassFileIndex, org.jetbrains.kotlin.idea.vfilefinder.KotlinJavaScriptMetaFileIndex, org.jetbrains.kotlin.idea.vfilefinder.KotlinMetadataFileIndex, org.jetbrains.kotlin.idea.vfilefinder.KotlinMetadataFilePackageIndex, org.jetbrains.kotlin.idea.vfilefinder.KotlinModuleMappingIndex, org.jetbrains.kotlin.idea.vfilefinder.KotlinPackageSourcesMemberNamesIndex, org.jetbrains.kotlin.idea.vfilefinder.KotlinJvmModuleAnnotationsIndex, org.jetbrains.kotlin.idea.vfilefinder.KotlinBuiltInsMetadataIndex, org.jetbrains.kotlin.idea.vfilefinder.KotlinStdlibIndex, org.jetbrains.kotlin.idea.vfilefinder.KlibMetaFileIndex, com.android.tools.idea.model.AndroidManifestIndex$Companion$NAME$1.NAME, BindingXmlIndex, MlModelFileIndex, NavXmlIndex 
2021-10-31 19:04:20,945 [  24358]   INFO - il.indexing.FileBasedIndexImpl - indexes cleared: 
survived indexes: FilenameIndex, FrameworkDetectionIndex, TodoIndex, IdIndex, filetypes, Stubs, Trigram.Index, fileIncludes, DomFileIndex, RelaxSymbolIndex, XmlTagNames, XmlNamespaces, html5.custom.attributes.index, SchemaTypeInheritance, json.file.root.values, editorconfig.index.name, xmlProperties, yaml.keys.name, bytecodeAnalysis, java.auto.module.name, java.source.module.name, java.null.method.argument, java.fun.expression, java.binary.plus.expression, LombokConfigIndex, ant-imports, JavaFxControllerClassIndex, javafx.id.name, javafx.custom.component, com.intellij.uiDesigner.FormClassIndex, XsltSymbolIndex, groovy.trait.fields, groovy.trait.methods, IdeaPluginRegistrationIndex, PluginIdModuleIndex, PluginIdDependenciesIndex, devkit.ExtensionPointIndex, devkit.ExtensionPointClassIndex, org.jetbrains.kotlin.idea.versions.KotlinJvmMetadataVersionIndex, org.jetbrains.kotlin.idea.versions.KotlinJsMetadataVersionIndex, org.jetbrains.kotlin.idea.vfilefinder.KotlinClassFileIndex, org.jetbrains.kotlin.idea.vfilefinder.KotlinJavaScriptMetaFileIndex, org.jetbrains.kotlin.idea.vfilefinder.KotlinMetadataFileIndex, org.jetbrains.kotlin.idea.vfilefinder.KotlinMetadataFilePackageIndex, org.jetbrains.kotlin.idea.vfilefinder.KotlinModuleMappingIndex, org.jetbrains.kotlin.idea.vfilefinder.KotlinPackageSourcesMemberNamesIndex, org.jetbrains.kotlin.idea.vfilefinder.KotlinJvmModuleAnnotationsIndex, org.jetbrains.kotlin.idea.vfilefinder.KotlinBuiltInsMetadataIndex, org.jetbrains.kotlin.idea.vfilefinder.KotlinStdlibIndex, org.jetbrains.kotlin.idea.vfilefinder.KlibMetaFileIndex, com.android.tools.idea.model.AndroidManifestIndex$Companion$NAME$1.NAME, BindingXmlIndex, MlModelFileIndex, NavXmlIndex 
2021-10-31 19:04:20,946 [  24359]   INFO - il.indexing.FileBasedIndexImpl - indexes cleared: 
survived indexes: FilenameIndex, FrameworkDetectionIndex, TodoIndex, IdIndex, filetypes, Stubs, Trigram.Index, fileIncludes, DomFileIndex, RelaxSymbolIndex, XmlTagNames, XmlNamespaces, html5.custom.attributes.index, SchemaTypeInheritance, json.file.root.values, editorconfig.index.name, xmlProperties, yaml.keys.name, bytecodeAnalysis, java.auto.module.name, java.source.module.name, java.null.method.argument, java.fun.expression, java.binary.plus.expression, LombokConfigIndex, ant-imports, JavaFxControllerClassIndex, javafx.id.name, javafx.custom.component, com.intellij.uiDesigner.FormClassIndex, XsltSymbolIndex, groovy.trait.fields, groovy.trait.methods, IdeaPluginRegistrationIndex, PluginIdModuleIndex, PluginIdDependenciesIndex, devkit.ExtensionPointIndex, devkit.ExtensionPointClassIndex, org.jetbrains.kotlin.idea.versions.KotlinJvmMetadataVersionIndex, org.jetbrains.kotlin.idea.versions.KotlinJsMetadataVersionIndex, org.jetbrains.kotlin.idea.vfilefinder.KotlinClassFileIndex, org.jetbrains.kotlin.idea.vfilefinder.KotlinJavaScriptMetaFileIndex, org.jetbrains.kotlin.idea.vfilefinder.KotlinMetadataFileIndex, org.jetbrains.kotlin.idea.vfilefinder.KotlinMetadataFilePackageIndex, org.jetbrains.kotlin.idea.vfilefinder.KotlinModuleMappingIndex, org.jetbrains.kotlin.idea.vfilefinder.KotlinPackageSourcesMemberNamesIndex, org.jetbrains.kotlin.idea.vfilefinder.KotlinJvmModuleAnnotationsIndex, org.jetbrains.kotlin.idea.vfilefinder.KotlinBuiltInsMetadataIndex, org.jetbrains.kotlin.idea.vfilefinder.KotlinStdlibIndex, org.jetbrains.kotlin.idea.vfilefinder.KlibMetaFileIndex, com.android.tools.idea.model.AndroidManifestIndex$Companion$NAME$1.NAME, BindingXmlIndex, MlModelFileIndex, NavXmlIndex 
2021-10-31 19:04:21,229 [  24642]   INFO - ntellij.idea.ApplicationLoader - External instance command received 
2021-10-31 19:04:21,235 [  24648]   INFO - ellij.ide.CommandLineProcessor - External command line:
Dir: /home/madz/.gradle/caches/modules-2/files-2.1/com.jetbrains.intellij.idea/ideaIC/2021.2.3/baee9296b4b83198b699c8888c3e9f88457089f7/ideaIC-2021.2.3/bin/.
traverseUI
/home/madz/3311CourseProject/monopoly/library/build/searchableOptions
true
----- 
2021-10-31 19:04:21,268 [  24681]  ERROR - pplication.impl.LaterInvocator - Only one instance of IDEA can be run at a time. 
java.lang.RuntimeException: Only one instance of IDEA can be run at a time.
	at com.intellij.openapi.ui.TestDialog.lambda$static$0(TestDialog.java:8)
	at com.intellij.ui.messages.MessagesServiceImpl.showMessageDialog(MessagesServiceImpl.java:54)
	at com.jetbrains.rdserver.ui.BackendMessagesService.showMessageDialog(BackendMessagesService.kt:28)
	at com.intellij.openapi.ui.Messages.showErrorDialog(Messages.java:661)
	at com.intellij.openapi.ui.Messages.showErrorDialog(Messages.java:688)
	at com.intellij.ide.CommandLineProcessorResult.showErrorIfFailed(CommandLineProcessorResult.kt:26)
	at com.intellij.idea.ApplicationLoader$handleExternalCommand$1.run(ApplicationLoader.kt:295)
	at com.intellij.openapi.application.TransactionGuardImpl.runWithWritingAllowed(TransactionGuardImpl.java:214)
	at com.intellij.openapi.application.TransactionGuardImpl.access$200(TransactionGuardImpl.java:21)
	at com.intellij.openapi.application.TransactionGuardImpl$2.run(TransactionGuardImpl.java:196)
	at com.intellij.openapi.application.impl.ApplicationImpl.runIntendedWriteActionOnCurrentThread(ApplicationImpl.java:794)
	at com.intellij.openapi.application.impl.ApplicationImpl.lambda$invokeLater$4(ApplicationImpl.java:350)
	at com.intellij.openapi.application.impl.FlushQueue.doRun(FlushQueue.java:84)
	at com.intellij.openapi.application.impl.FlushQueue.runNextEvent(FlushQueue.java:133)
	at com.intellij.openapi.application.impl.FlushQueue.flushNow(FlushQueue.java:46)
	at com.intellij.openapi.application.impl.FlushQueue$FlushNow.run(FlushQueue.java:189)
	at java.desktop/java.awt.event.InvocationEvent.dispatch(InvocationEvent.java:313)
	at java.desktop/java.awt.EventQueue.dispatchEventImpl(EventQueue.java:776)
	at java.desktop/java.awt.EventQueue$4.run(EventQueue.java:727)
	at java.desktop/java.awt.EventQueue$4.run(EventQueue.java:721)
	at java.base/java.security.AccessController.doPrivileged(Native Method)
	at java.base/java.security.ProtectionDomain$JavaSecurityAccessImpl.doIntersectionPrivilege(ProtectionDomain.java:85)
	at java.desktop/java.awt.EventQueue.dispatchEvent(EventQueue.java:746)
	at com.intellij.ide.IdeEventQueue.defaultDispatchEvent(IdeEventQueue.java:885)
	at com.intellij.ide.IdeEventQueue._dispatchEvent(IdeEventQueue.java:754)
	at com.intellij.ide.IdeEventQueue.lambda$dispatchEvent$6(IdeEventQueue.java:441)
	at com.intellij.openapi.progress.impl.CoreProgressManager.computePrioritized(CoreProgressManager.java:825)
	at com.intellij.ide.IdeEventQueue.lambda$dispatchEvent$7(IdeEventQueue.java:440)
	at com.intellij.openapi.application.impl.ApplicationImpl.runIntendedWriteActionOnCurrentThread(ApplicationImpl.java:794)
	at com.intellij.ide.IdeEventQueue.dispatchEvent(IdeEventQueue.java:486)
	at java.desktop/java.awt.EventDispatchThread.pumpOneEventForFilters(EventDispatchThread.java:203)
	at java.desktop/java.awt.EventDispatchThread.pumpEventsForFilter(EventDispatchThread.java:124)
	at java.desktop/java.awt.EventDispatchThread.pumpEventsForHierarchy(EventDispatchThread.java:113)
	at java.desktop/java.awt.EventDispatchThread.pumpEvents(EventDispatchThread.java:109)
	at java.desktop/java.awt.EventDispatchThread.pumpEvents(EventDispatchThread.java:101)
	at java.desktop/java.awt.EventDispatchThread.run(EventDispatchThread.java:90)
2021-10-31 19:04:21,271 [  24684]  ERROR - pplication.impl.LaterInvocator - IntelliJ IDEA 2021.2.3  Build #IC-212.5457.46 
2021-10-31 19:04:21,272 [  24685]  ERROR - pplication.impl.LaterInvocator - JDK: 11.0.12; VM: OpenJDK 64-Bit Server VM; Vendor: JetBrains s.r.o. 
2021-10-31 19:04:21,272 [  24685]  ERROR - pplication.impl.LaterInvocator - OS: Linux 
2021-10-31 19:04:21,272 [  24685]  ERROR - pplication.impl.LaterInvocator - Last Action:  
2021-10-31 19:04:23,705 [  27118]   INFO -                         STDOUT - Searchable options index builder completed 
2021-10-31 19:04:23,724 [  27137]   INFO - org.jetbrains.io.BuiltInServer - web server stopped 
2021-10-31 19:04:23,739 [  27152]   INFO - .impl.FileTypeDetectionService - 0 auto-detected files. Detection took 0 ms 
2021-10-31 19:04:23,740 [  27153]   INFO - il.indexing.FileBasedIndexImpl - START INDEX SHUTDOWN 
2021-10-31 19:04:23,810 [  27223]   INFO - tellij.psi.stubs.StubIndexImpl - StubIndexExtension-s were unloaded 
2021-10-31 19:04:23,874 [  27287]   INFO - il.indexing.FileBasedIndexImpl - END INDEX SHUTDOWN 
2021-10-31 19:04:23,874 [  27287]   INFO - newvfs.persistent.PersistentFS - VFS dispose started 
2021-10-31 19:04:23,875 [  27288]   INFO - newvfs.persistent.PersistentFS - VFS dispose completed 
2021-10-31 19:04:23,875 [  27288]   INFO - stubs.SerializationManagerImpl - Start shutting down /home/madz/3311CourseProject/monopoly/library/build/idea-sandbox/system/index/rep.names 
2021-10-31 19:04:23,876 [  27289]   INFO - stubs.SerializationManagerImpl - Finished shutting down /home/madz/3311CourseProject/monopoly/library/build/idea-sandbox/system/index/rep.names 
2021-10-31 19:04:23,880 [  27293]   INFO -        #com.intellij.idea.Main - ------------------------------------------------------ IDE SHUTDOWN ------------------------------------------------------ 
2021-10-31 19:04:23,880 [  27293]   INFO - org.jetbrains.io.BuiltInServer - web server stopped 
